2017-08-14 13:52:56 Error: [Cake\Console\Exception\MissingShellException] Shell class for "CakeDC/Users.Users" could not be found. in C:\wamp\www\questoes_concursos\vendor\cakephp\cakephp\src\Console\ShellDispatcher.php on line 327
Exception Attributes: array (
  'class' => 'CakeDC/Users.Users',
)
Stack Trace:
#0 C:\wamp\www\questoes_concursos\vendor\cakephp\cakephp\src\Console\ShellDispatcher.php(226): Cake\Console\ShellDispatcher->findShell('users')
#1 C:\wamp\www\questoes_concursos\vendor\cakephp\cakephp\src\Console\ShellDispatcher.php(182): Cake\Console\ShellDispatcher->_dispatch(Array)
#2 C:\wamp\www\questoes_concursos\vendor\cakephp\cakephp\src\Console\ShellDispatcher.php(128): Cake\Console\ShellDispatcher->dispatch(Array)
#3 C:\wamp\www\questoes_concursos\bin\cake.php(34): Cake\Console\ShellDispatcher::run(Array)
#4 {main}


2017-11-24 11:27:22 Error: [PDOException] SQLSTATE[HY000] [1045] Access denied for user 'root'@'localhost' (using password: YES) in C:\wamp\www\questoes_concursos\vendor\cakephp\cakephp\src\Database\Driver\PDODriverTrait.php on line 48
Stack Trace:
#0 C:\wamp\www\questoes_concursos\vendor\cakephp\cakephp\src\Database\Driver\PDODriverTrait.php(48): PDO->__construct('mysql:host=loca...', 'root', '315218', Array)
#1 C:\wamp\www\questoes_concursos\vendor\cakephp\cakephp\src\Database\Driver\Mysql.php(104): Cake\Database\Driver\Mysql->_connect('mysql:host=loca...', Array)
#2 C:\wamp\www\questoes_concursos\vendor\cakephp\cakephp\src\Database\Schema\BaseSchema.php(45): Cake\Database\Driver\Mysql->connect()
#3 C:\wamp\www\questoes_concursos\vendor\cakephp\cakephp\src\Database\Dialect\MysqlDialectTrait.php(63): Cake\Database\Schema\BaseSchema->__construct(Object(Cake\Database\Driver\Mysql))
#4 C:\wamp\www\questoes_concursos\vendor\cakephp\cakephp\src\Database\Schema\Collection.php(52): Cake\Database\Driver\Mysql->schemaDialect()
#5 C:\wamp\www\questoes_concursos\vendor\cakephp\cakephp\src\Database\Schema\CachedCollection.php(42): Cake\Database\Schema\Collection->__construct(Object(Cake\Database\Connection))
#6 C:\wamp\www\questoes_concursos\vendor\cakephp\cakephp\src\Database\Connection.php(368): Cake\Database\Schema\CachedCollection->__construct(Object(Cake\Database\Connection), true)
#7 C:\wamp\www\questoes_concursos\vendor\cakephp\cakephp\src\Database\Connection.php(387): Cake\Database\Connection->getSchemaCollection()
#8 C:\wamp\www\questoes_concursos\vendor\cakephp\bake\src\Shell\Task\ModelTask.php(1030): Cake\Database\Connection->schemaCollection()
#9 C:\wamp\www\questoes_concursos\vendor\cakephp\bake\src\Shell\Task\ModelTask.php(982): Bake\Shell\Task\ModelTask->_getAllTables()
#10 C:\wamp\www\questoes_concursos\vendor\cakephp\bake\src\Shell\Task\ModelTask.php(212): Bake\Shell\Task\ModelTask->listAll()
#11 C:\wamp\www\questoes_concursos\vendor\cakephp\bake\src\Shell\Task\ModelTask.php(130): Bake\Shell\Task\ModelTask->getAssociations(Object(Cake\ORM\Table))
#12 C:\wamp\www\questoes_concursos\vendor\cakephp\bake\src\Shell\Task\ModelTask.php(113): Bake\Shell\Task\ModelTask->getTableContext(Object(Cake\ORM\Table), 'acessos', 'Acessos')
#13 C:\wamp\www\questoes_concursos\vendor\cakephp\bake\src\Shell\Task\ModelTask.php(100): Bake\Shell\Task\ModelTask->bake('Acessos')
#14 C:\wamp\www\questoes_concursos\vendor\cakephp\cakephp\src\Console\Shell.php(507): Bake\Shell\Task\ModelTask->main('acessos')
#15 C:\wamp\www\questoes_concursos\vendor\cakephp\cakephp\src\Console\Shell.php(500): Cake\Console\Shell->runCommand(Array, false, Array)
#16 C:\wamp\www\questoes_concursos\vendor\cakephp\cakephp\src\Console\ShellDispatcher.php(230): Cake\Console\Shell->runCommand(Array, true, Array)
#17 C:\wamp\www\questoes_concursos\vendor\cakephp\cakephp\src\Console\ShellDispatcher.php(182): Cake\Console\ShellDispatcher->_dispatch(Array)
#18 C:\wamp\www\questoes_concursos\vendor\cakephp\cakephp\src\Console\ShellDispatcher.php(128): Cake\Console\ShellDispatcher->dispatch(Array)
#19 C:\wamp\www\questoes_concursos\bin\cake.php(34): Cake\Console\ShellDispatcher::run(Array)
#20 {main}


2017-11-24 11:27:29 Error: [PDOException] SQLSTATE[HY000] [1045] Access denied for user 'root'@'localhost' (using password: YES) in C:\wamp\www\questoes_concursos\vendor\cakephp\cakephp\src\Database\Driver\PDODriverTrait.php on line 48
Stack Trace:
#0 C:\wamp\www\questoes_concursos\vendor\cakephp\cakephp\src\Database\Driver\PDODriverTrait.php(48): PDO->__construct('mysql:host=loca...', 'root', '315218', Array)
#1 C:\wamp\www\questoes_concursos\vendor\cakephp\cakephp\src\Database\Driver\Mysql.php(104): Cake\Database\Driver\Mysql->_connect('mysql:host=loca...', Array)
#2 C:\wamp\www\questoes_concursos\vendor\cakephp\cakephp\src\Database\Schema\BaseSchema.php(45): Cake\Database\Driver\Mysql->connect()
#3 C:\wamp\www\questoes_concursos\vendor\cakephp\cakephp\src\Database\Dialect\MysqlDialectTrait.php(63): Cake\Database\Schema\BaseSchema->__construct(Object(Cake\Database\Driver\Mysql))
#4 C:\wamp\www\questoes_concursos\vendor\cakephp\cakephp\src\Database\Schema\Collection.php(52): Cake\Database\Driver\Mysql->schemaDialect()
#5 C:\wamp\www\questoes_concursos\vendor\cakephp\cakephp\src\Database\Schema\CachedCollection.php(42): Cake\Database\Schema\Collection->__construct(Object(Cake\Database\Connection))
#6 C:\wamp\www\questoes_concursos\vendor\cakephp\cakephp\src\Database\Connection.php(368): Cake\Database\Schema\CachedCollection->__construct(Object(Cake\Database\Connection), true)
#7 C:\wamp\www\questoes_concursos\vendor\cakephp\cakephp\src\Database\Connection.php(387): Cake\Database\Connection->getSchemaCollection()
#8 C:\wamp\www\questoes_concursos\vendor\cakephp\bake\src\Shell\Task\ModelTask.php(1030): Cake\Database\Connection->schemaCollection()
#9 C:\wamp\www\questoes_concursos\vendor\cakephp\bake\src\Shell\Task\ModelTask.php(982): Bake\Shell\Task\ModelTask->_getAllTables()
#10 C:\wamp\www\questoes_concursos\vendor\cakephp\bake\src\Shell\Task\ModelTask.php(997): Bake\Shell\Task\ModelTask->listAll()
#11 C:\wamp\www\questoes_concursos\vendor\cakephp\bake\src\Shell\Task\ModelTask.php(93): Bake\Shell\Task\ModelTask->listUnskipped()
#12 C:\wamp\www\questoes_concursos\vendor\cakephp\cakephp\src\Console\Shell.php(507): Bake\Shell\Task\ModelTask->main()
#13 C:\wamp\www\questoes_concursos\vendor\cakephp\cakephp\src\Console\Shell.php(500): Cake\Console\Shell->runCommand(Array, false, Array)
#14 C:\wamp\www\questoes_concursos\vendor\cakephp\cakephp\src\Console\ShellDispatcher.php(230): Cake\Console\Shell->runCommand(Array, true, Array)
#15 C:\wamp\www\questoes_concursos\vendor\cakephp\cakephp\src\Console\ShellDispatcher.php(182): Cake\Console\ShellDispatcher->_dispatch(Array)
#16 C:\wamp\www\questoes_concursos\vendor\cakephp\cakephp\src\Console\ShellDispatcher.php(128): Cake\Console\ShellDispatcher->dispatch(Array)
#17 C:\wamp\www\questoes_concursos\bin\cake.php(34): Cake\Console\ShellDispatcher::run(Array)
#18 {main}


